<?xml version="1.0" encoding="UTF-8"?>
<!-- Generated by org.testng.reporters.JUnitXMLReporter -->
<testsuite ignored="0" hostname="BasuAbbigeri" failures="0" tests="4" name="Default test" time="4.115" errors="0" timestamp="2023-01-03T20:47:28 IST">
  <testcase classname="com.test.reqres.HTTPRequests" name="getRequest" time="1.941"/>
  <testcase classname="com.test.reqres.HTTPRequests" name="postRequest" time="0.935"/>
  <testcase classname="com.test.reqres.HTTPRequests" name="putRequest" time="0.587"/>
  <testcase classname="com.test.reqres.HTTPRequests" name="deleteRequest" time="0.616"/>
</testsuite> <!-- Default test -->
