<?xml version="1.0" encoding="UTF-8"?>
<testng-results ignored="0" total="4" passed="4" failed="0" skipped="0">
  <reporter-output>
  </reporter-output>
  <suite started-at="2023-01-03T20:47:24 IST" name="Default suite" finished-at="2023-01-03T20:47:28 IST" duration-ms="4115">
    <groups>
    </groups>
    <test started-at="2023-01-03T20:47:24 IST" name="Default test" finished-at="2023-01-03T20:47:28 IST" duration-ms="4115">
      <class name="com.test.reqres.HTTPRequests">
        <test-method signature="getRequest()[pri:1, instance:com.test.reqres.HTTPRequests@4c9f8c13]" started-at="2023-01-03T20:47:24 IST" name="getRequest" finished-at="2023-01-03T20:47:26 IST" duration-ms="1941" status="PASS">
          <reporter-output>
          </reporter-output>
        </test-method> <!-- getRequest -->
        <test-method signature="postRequest()[pri:2, instance:com.test.reqres.HTTPRequests@4c9f8c13]" started-at="2023-01-03T20:47:26 IST" name="postRequest" finished-at="2023-01-03T20:47:27 IST" duration-ms="935" status="PASS">
          <reporter-output>
          </reporter-output>
        </test-method> <!-- postRequest -->
        <test-method signature="putRequest()[pri:3, instance:com.test.reqres.HTTPRequests@4c9f8c13]" started-at="2023-01-03T20:47:27 IST" name="putRequest" finished-at="2023-01-03T20:47:27 IST" depends-on-methods="com.test.reqres.HTTPRequests.postRequest" duration-ms="587" status="PASS">
          <reporter-output>
          </reporter-output>
        </test-method> <!-- putRequest -->
        <test-method signature="deleteRequest()[pri:4, instance:com.test.reqres.HTTPRequests@4c9f8c13]" started-at="2023-01-03T20:47:27 IST" name="deleteRequest" finished-at="2023-01-03T20:47:28 IST" duration-ms="616" status="PASS">
          <reporter-output>
          </reporter-output>
        </test-method> <!-- deleteRequest -->
      </class> <!-- com.test.reqres.HTTPRequests -->
    </test> <!-- Default test -->
  </suite> <!-- Default suite -->
</testng-results>
